<?xml version="1.0" encoding="UTF-8"?>
<!-- Generated by org.testng.reporters.JUnitReportReporter -->
<testsuite skipped="0" hostname="Desktop" name="com.qa.Tests.RegistrationTests" tests="2" failures="0" timestamp="10 Apr 2019 13:05:48 GMT" time="152.719" errors="0">
  <testcase name="LastNameEmpty" time="76.547" classname="com.qa.Tests.RegistrationTests"/>
  <testcase name="FirstNameEmpty" time="76.172" classname="com.qa.Tests.RegistrationTests"/>
</testsuite> <!-- com.qa.Tests.RegistrationTests -->
